  C语言课程设计-会员卡管理系统.c
C:\Users\Hans\source\repos\C语言课程设计-会员卡管理系统\C语言课程设计-会员卡管理系统\C语言课程设计-会员卡管理系统.c(1143,46): error C2143: 语法错误: 缺少“)”(在“&”的前面)
C:\Users\Hans\source\repos\C语言课程设计-会员卡管理系统\C语言课程设计-会员卡管理系统\C语言课程设计-会员卡管理系统.c(1143,46): error C2143: 语法错误: 缺少“{”(在“&”的前面)
C:\Users\Hans\source\repos\C语言课程设计-会员卡管理系统\C语言课程设计-会员卡管理系统\C语言课程设计-会员卡管理系统.c(1143,46): error C2059: 语法错误:“&”
C:\Users\Hans\source\repos\C语言课程设计-会员卡管理系统\C语言课程设计-会员卡管理系统\C语言课程设计-会员卡管理系统.c(1143,52): error C2059: 语法错误:“)”
C:\Users\Hans\source\repos\C语言课程设计-会员卡管理系统\C语言课程设计-会员卡管理系统\C语言课程设计-会员卡管理系统.c(1184,49): error C2143: 语法错误: 缺少“)”(在“&”的前面)
C:\Users\Hans\source\repos\C语言课程设计-会员卡管理系统\C语言课程设计-会员卡管理系统\C语言课程设计-会员卡管理系统.c(1184,49): error C2143: 语法错误: 缺少“{”(在“&”的前面)
C:\Users\Hans\source\repos\C语言课程设计-会员卡管理系统\C语言课程设计-会员卡管理系统\C语言课程设计-会员卡管理系统.c(1184,49): error C2059: 语法错误:“&”
C:\Users\Hans\source\repos\C语言课程设计-会员卡管理系统\C语言课程设计-会员卡管理系统\C语言课程设计-会员卡管理系统.c(1184,55): error C2059: 语法错误:“)”
C:\Users\Hans\source\repos\C语言课程设计-会员卡管理系统\C语言课程设计-会员卡管理系统\C语言课程设计-会员卡管理系统.c(1229,50): error C2143: 语法错误: 缺少“)”(在“&”的前面)
C:\Users\Hans\source\repos\C语言课程设计-会员卡管理系统\C语言课程设计-会员卡管理系统\C语言课程设计-会员卡管理系统.c(1229,50): error C2143: 语法错误: 缺少“{”(在“&”的前面)
C:\Users\Hans\source\repos\C语言课程设计-会员卡管理系统\C语言课程设计-会员卡管理系统\C语言课程设计-会员卡管理系统.c(1229,50): error C2059: 语法错误:“&”
C:\Users\Hans\source\repos\C语言课程设计-会员卡管理系统\C语言课程设计-会员卡管理系统\C语言课程设计-会员卡管理系统.c(1229,56): error C2059: 语法错误:“)”
C:\Users\Hans\source\repos\C语言课程设计-会员卡管理系统\C语言课程设计-会员卡管理系统\C语言课程设计-会员卡管理系统.c(1271,50): error C2143: 语法错误: 缺少“)”(在“&”的前面)
C:\Users\Hans\source\repos\C语言课程设计-会员卡管理系统\C语言课程设计-会员卡管理系统\C语言课程设计-会员卡管理系统.c(1271,50): error C2143: 语法错误: 缺少“{”(在“&”的前面)
C:\Users\Hans\source\repos\C语言课程设计-会员卡管理系统\C语言课程设计-会员卡管理系统\C语言课程设计-会员卡管理系统.c(1271,50): error C2059: 语法错误:“&”
C:\Users\Hans\source\repos\C语言课程设计-会员卡管理系统\C语言课程设计-会员卡管理系统\C语言课程设计-会员卡管理系统.c(1271,56): error C2059: 语法错误:“)”
C:\Users\Hans\source\repos\C语言课程设计-会员卡管理系统\C语言课程设计-会员卡管理系统\C语言课程设计-会员卡管理系统.c(1651,48): error C2143: 语法错误: 缺少“)”(在“&”的前面)
C:\Users\Hans\source\repos\C语言课程设计-会员卡管理系统\C语言课程设计-会员卡管理系统\C语言课程设计-会员卡管理系统.c(1651,48): error C2143: 语法错误: 缺少“{”(在“&”的前面)
C:\Users\Hans\source\repos\C语言课程设计-会员卡管理系统\C语言课程设计-会员卡管理系统\C语言课程设计-会员卡管理系统.c(1651,48): error C2059: 语法错误:“&”
C:\Users\Hans\source\repos\C语言课程设计-会员卡管理系统\C语言课程设计-会员卡管理系统\C语言课程设计-会员卡管理系统.c(1651,54): error C2059: 语法错误:“)”
C:\Users\Hans\source\repos\C语言课程设计-会员卡管理系统\C语言课程设计-会员卡管理系统\C语言课程设计-会员卡管理系统.c(1813,49): warning C4013: “OutputId”未定义；假设外部返回 int
C:\Users\Hans\source\repos\C语言课程设计-会员卡管理系统\C语言课程设计-会员卡管理系统\C语言课程设计-会员卡管理系统.c(1814,55): warning C4013: “OutputScore”未定义；假设外部返回 int
C:\Users\Hans\source\repos\C语言课程设计-会员卡管理系统\C语言课程设计-会员卡管理系统\C语言课程设计-会员卡管理系统.c(1815,58): warning C4013: “OutputMscore”未定义；假设外部返回 int
C:\Users\Hans\source\repos\C语言课程设计-会员卡管理系统\C语言课程设计-会员卡管理系统\C语言课程设计-会员卡管理系统.c(1816,57): warning C4013: “OutputWscore”未定义；假设外部返回 int
C:\Users\Hans\source\repos\C语言课程设计-会员卡管理系统\C语言课程设计-会员卡管理系统\C语言课程设计-会员卡管理系统.c(1821,28): warning C4013: “PrintfItem”未定义；假设外部返回 int
